<?xml version="1.0" encoding="UTF-8"?>
<!-- Generated by org.testng.reporters.JUnitXMLReporter -->
<testsuite ignored="5" hostname="DESKTOP-ICGBU50" failures="0" tests="6" name="Test" time="32.04" errors="0" timestamp="2024-02-21T21:59:06 PST">
  <testcase classname="TestingPackage.DataParameterizationDataProvider" name="verifyLogin" time="13.151"/>
  <testcase classname="TestingPackage.DataParameterizationDataProvider" name="verifyLogin" time="13.281"/>
  <testcase classname="TestingPackage.DataParameterizationDataProvider" name="verifyLogin" time="9.546"/>
  <testcase classname="TestingPackage.DataParameterizationDataProvider" name="verifyLogin" time="10.149"/>
  <testcase classname="TestingPackage.DataParameterizationDataProvider" name="verifyLogin" time="8.684"/>
  <testcase classname="TestingPackage.DataParameterizationDataProvider" name="verifyLogin" time="8.64"/>
  <testcase classname="TestingPackage.DataParameterizationDataProvider" name="verifyLoginTwo" time="0.0">
    <ignored/>
  </testcase> <!-- verifyLoginTwo -->
  <testcase classname="TestingPackage.DataParameterizationDataProvider" name="sampleTestThree" time="0.0">
    <ignored/>
  </testcase> <!-- sampleTestThree -->
  <testcase classname="TestingPackage.DataParameterizationDataProvider" name="sampleTestTwo" time="0.0">
    <ignored/>
  </testcase> <!-- sampleTestTwo -->
  <testcase classname="TestingPackage.DataParameterizationDataProvider" name="sampleTestOne" time="0.0">
    <ignored/>
  </testcase> <!-- sampleTestOne -->
  <testcase classname="TestingPackage.DataParameterizationDataProvider" name="sampleTest" time="0.0">
    <ignored/>
  </testcase> <!-- sampleTest -->
</testsuite> <!-- Test -->
