<?xml version="1.0" encoding="UTF-8"?>
<testng-results ignored="5" total="11" passed="6" failed="0" skipped="0">
  <reporter-output>
  </reporter-output>
  <suite started-at="2024-02-21T21:58:34 PST" name="Suite" finished-at="2024-02-21T21:59:06 PST" duration-ms="32040">
    <groups>
    </groups>
    <test started-at="2024-02-21T21:58:34 PST" name="Test" finished-at="2024-02-21T21:59:06 PST" duration-ms="32040">
      <class name="TestingPackage.DataParameterizationDataProvider">
        <test-method signature="verifyLogin(java.lang.String,java.lang.String)[pri:0, instance:TestingPackage.DataParameterizationDataProvider@313ac989]" started-at="2024-02-21T21:58:34 PST" name="verifyLogin" data-provider="getData" finished-at="2024-02-21T21:58:47 PST" duration-ms="13151" status="PASS">
          <params>
            <param index="0">
              <value>
                <![CDATA[shailaja.sireesh@gmail.com]]>
              </value>
            </param>
            <param index="1">
              <value>
                <![CDATA[12345]]>
              </value>
            </param>
          </params>
          <reporter-output>
          </reporter-output>
        </test-method> <!-- verifyLogin -->
        <test-method signature="verifyLogin(java.lang.String,java.lang.String)[pri:0, instance:TestingPackage.DataParameterizationDataProvider@313ac989]" started-at="2024-02-21T21:58:34 PST" name="verifyLogin" data-provider="getData" finished-at="2024-02-21T21:58:47 PST" duration-ms="13281" status="PASS">
          <params>
            <param index="0">
              <value>
                <![CDATA[abc@gmail.com]]>
              </value>
            </param>
            <param index="1">
              <value>
                <![CDATA[12345]]>
              </value>
            </param>
          </params>
          <reporter-output>
          </reporter-output>
        </test-method> <!-- verifyLogin -->
        <test-method signature="verifyLogin(java.lang.String,java.lang.String)[pri:0, instance:TestingPackage.DataParameterizationDataProvider@313ac989]" started-at="2024-02-21T21:58:47 PST" name="verifyLogin" data-provider="getData" finished-at="2024-02-21T21:58:57 PST" duration-ms="10149" status="PASS">
          <params>
            <param index="0">
              <value>
                <![CDATA[shailaja.sireesh@gmail.com]]>
              </value>
            </param>
            <param index="1">
              <value>
                <![CDATA[12345]]>
              </value>
            </param>
          </params>
          <reporter-output>
          </reporter-output>
        </test-method> <!-- verifyLogin -->
        <test-method signature="verifyLogin(java.lang.String,java.lang.String)[pri:0, instance:TestingPackage.DataParameterizationDataProvider@313ac989]" started-at="2024-02-21T21:58:47 PST" name="verifyLogin" data-provider="getData" finished-at="2024-02-21T21:58:57 PST" duration-ms="9546" status="PASS">
          <params>
            <param index="0">
              <value>
                <![CDATA[abc@gmail.com]]>
              </value>
            </param>
            <param index="1">
              <value>
                <![CDATA[12345]]>
              </value>
            </param>
          </params>
          <reporter-output>
          </reporter-output>
        </test-method> <!-- verifyLogin -->
        <test-method signature="verifyLogin(java.lang.String,java.lang.String)[pri:0, instance:TestingPackage.DataParameterizationDataProvider@313ac989]" started-at="2024-02-21T21:58:57 PST" name="verifyLogin" data-provider="getData" finished-at="2024-02-21T21:59:06 PST" duration-ms="8684" status="PASS">
          <params>
            <param index="0">
              <value>
                <![CDATA[shailaja.sireesh@gmail.com]]>
              </value>
            </param>
            <param index="1">
              <value>
                <![CDATA[12345]]>
              </value>
            </param>
          </params>
          <reporter-output>
          </reporter-output>
        </test-method> <!-- verifyLogin -->
        <test-method signature="verifyLogin(java.lang.String,java.lang.String)[pri:0, instance:TestingPackage.DataParameterizationDataProvider@313ac989]" started-at="2024-02-21T21:58:57 PST" name="verifyLogin" data-provider="getData" finished-at="2024-02-21T21:59:06 PST" duration-ms="8640" status="PASS">
          <params>
            <param index="0">
              <value>
                <![CDATA[abc@gmail.com]]>
              </value>
            </param>
            <param index="1">
              <value>
                <![CDATA[12345]]>
              </value>
            </param>
          </params>
          <reporter-output>
          </reporter-output>
        </test-method> <!-- verifyLogin -->
      </class> <!-- TestingPackage.DataParameterizationDataProvider -->
    </test> <!-- Test -->
  </suite> <!-- Suite -->
</testng-results>
