<?xml version="1.0" encoding="UTF-8"?>
<testng-results ignored="0" total="1" passed="1" failed="0" skipped="0">
  <reporter-output>
  </reporter-output>
  <suite started-at="2024-02-08T22:18:40 PST" name="Default suite" finished-at="2024-02-08T22:19:39 PST" duration-ms="58337">
    <groups>
    </groups>
    <test started-at="2024-02-08T22:18:40 PST" name="Default test" finished-at="2024-02-08T22:19:39 PST" duration-ms="58337">
      <class name="TestingPackage.IdentifyBrokenLinks">
        <test-method signature="identifyBrokenLinksTest()[pri:0, instance:TestingPackage.IdentifyBrokenLinks@5b8dfcc1]" started-at="2024-02-08T22:18:40 PST" name="identifyBrokenLinksTest" finished-at="2024-02-08T22:19:39 PST" duration-ms="58173" status="PASS">
          <reporter-output>
          </reporter-output>
        </test-method> <!-- identifyBrokenLinksTest -->
      </class> <!-- TestingPackage.IdentifyBrokenLinks -->
    </test> <!-- Default test -->
  </suite> <!-- Default suite -->
</testng-results>
